{"D:\\Caiera Dev\\2023\\studies\\nodejs-testes-unitarios-e-integracao\\index.js": {"path":"D:\\Caiera Dev\\2023\\studies\\nodejs-testes-unitarios-e-integracao\\index.js","statementMap":{"0":{"start":{"line":3,"column":24},"end":{"line":4,"column":28}},"1":{"start":{"line":4,"column":2},"end":{"line":4,"column":28}},"2":{"start":{"line":6,"column":25},"end":{"line":6,"column":68}},"3":{"start":{"line":6,"column":49},"end":{"line":6,"column":68}}},"fnMap":{"0":{"name":"(anonymous_0)","decl":{"start":{"line":3,"column":24},"end":{"line":3,"column":25}},"loc":{"start":{"line":4,"column":2},"end":{"line":4,"column":28}},"line":4},"1":{"name":"(anonymous_1)","decl":{"start":{"line":6,"column":25},"end":{"line":6,"column":26}},"loc":{"start":{"line":6,"column":49},"end":{"line":6,"column":68}},"line":6}},"branchMap":{},"s":{"0":1,"1":1,"2":1,"3":1},"f":{"0":1,"1":1},"b":{},"_coverageSchema":"1a1c01bbd47fc00a2c39e90264f33305004495a9","hash":"874766a9e0d1f8ae1b7eb6366eed930868985b50"}
}
